<?xml version="1.0" encoding="UTF-8"?>
<testsuite name="jpabook.jpashop.MemberRepositoryTest" tests="1" skipped="0" failures="0" errors="0" timestamp="2023-05-13T15:30:10" hostname="DESKTOP-6TL21LC" time="0.778">
  <properties/>
  <testcase name="testMember()" classname="jpabook.jpashop.MemberRepositoryTest" time="0.778"/>
  <system-out><![CDATA[00:30:00.423 [Test worker] DEBUG org.springframework.test.context.BootstrapUtils - Instantiating CacheAwareContextLoaderDelegate from class [org.springframework.test.context.cache.DefaultCacheAwareContextLoaderDelegate]
00:30:00.456 [Test worker] DEBUG org.springframework.test.context.BootstrapUtils - Instantiating BootstrapContext using constructor [public org.springframework.test.context.support.DefaultBootstrapContext(java.lang.Class,org.springframework.test.context.CacheAwareContextLoaderDelegate)]
00:30:00.544 [Test worker] DEBUG org.springframework.test.context.BootstrapUtils - Instantiating TestContextBootstrapper for test class [jpabook.jpashop.MemberRepositoryTest] from class [org.springframework.boot.test.context.SpringBootTestContextBootstrapper]
00:30:00.579 [Test worker] INFO org.springframework.boot.test.context.SpringBootTestContextBootstrapper - Neither @ContextConfiguration nor @ContextHierarchy found for test class [jpabook.jpashop.MemberRepositoryTest], using SpringBootContextLoader
00:30:00.594 [Test worker] DEBUG org.springframework.test.context.support.AbstractContextLoader - Did not detect default resource location for test class [jpabook.jpashop.MemberRepositoryTest]: class path resource [jpabook/jpashop/MemberRepositoryTest-context.xml] does not exist
00:30:00.595 [Test worker] DEBUG org.springframework.test.context.support.AbstractContextLoader - Did not detect default resource location for test class [jpabook.jpashop.MemberRepositoryTest]: class path resource [jpabook/jpashop/MemberRepositoryTestContext.groovy] does not exist
00:30:00.595 [Test worker] INFO org.springframework.test.context.support.AbstractContextLoader - Could not detect default resource locations for test class [jpabook.jpashop.MemberRepositoryTest]: no resource found for suffixes {-context.xml, Context.groovy}.
00:30:00.603 [Test worker] INFO org.springframework.test.context.support.AnnotationConfigContextLoaderUtils - Could not detect default configuration classes for test class [jpabook.jpashop.MemberRepositoryTest]: MemberRepositoryTest does not declare any static, non-private, non-final, nested classes annotated with @Configuration.
00:30:00.719 [Test worker] DEBUG org.springframework.test.context.support.ActiveProfilesUtils - Could not find an 'annotation declaring class' for annotation type [org.springframework.test.context.ActiveProfiles] and class [jpabook.jpashop.MemberRepositoryTest]
00:30:00.923 [Test worker] DEBUG org.springframework.context.annotation.ClassPathScanningCandidateComponentProvider - Identified candidate component class: file [C:\Users\82109\hongik\spring\siljeon\jpashop\build\classes\java\main\jpabook\jpashop\JpashopApplication.class]
00:30:00.936 [Test worker] INFO org.springframework.boot.test.context.SpringBootTestContextBootstrapper - Found @SpringBootConfiguration jpabook.jpashop.JpashopApplication for test class jpabook.jpashop.MemberRepositoryTest
00:30:01.167 [Test worker] DEBUG org.springframework.boot.test.context.SpringBootTestContextBootstrapper - @TestExecutionListeners is not present for class [jpabook.jpashop.MemberRepositoryTest]: using defaults.
00:30:01.170 [Test worker] INFO org.springframework.boot.test.context.SpringBootTestContextBootstrapper - Loaded default TestExecutionListener class names from location [META-INF/spring.factories]: [org.springframework.boot.test.autoconfigure.restdocs.RestDocsTestExecutionListener, org.springframework.boot.test.autoconfigure.web.client.MockRestServiceServerResetTestExecutionListener, org.springframework.boot.test.autoconfigure.web.servlet.MockMvcPrintOnlyOnFailureTestExecutionListener, org.springframework.boot.test.autoconfigure.web.servlet.WebDriverTestExecutionListener, org.springframework.boot.test.autoconfigure.webservices.client.MockWebServiceServerTestExecutionListener, org.springframework.boot.test.mock.mockito.MockitoTestExecutionListener, org.springframework.boot.test.mock.mockito.ResetMocksTestExecutionListener, org.springframework.test.context.web.ServletTestExecutionListener, org.springframework.test.context.support.DirtiesContextBeforeModesTestExecutionListener, org.springframework.test.context.event.ApplicationEventsTestExecutionListener, org.springframework.test.context.support.DependencyInjectionTestExecutionListener, org.springframework.test.context.support.DirtiesContextTestExecutionListener, org.springframework.test.context.transaction.TransactionalTestExecutionListener, org.springframework.test.context.jdbc.SqlScriptsTestExecutionListener, org.springframework.test.context.event.EventPublishingTestExecutionListener]
00:30:01.206 [Test worker] INFO org.springframework.boot.test.context.SpringBootTestContextBootstrapper - Using TestExecutionListeners: [org.springframework.test.context.web.ServletTestExecutionListener@28fa700e, org.springframework.test.context.support.DirtiesContextBeforeModesTestExecutionListener@3d526ad9, org.springframework.test.context.event.ApplicationEventsTestExecutionListener@e041f0c, org.springframework.boot.test.mock.mockito.MockitoTestExecutionListener@6a175569, org.springframework.boot.test.autoconfigure.SpringBootDependencyInjectionTestExecutionListener@11963225, org.springframework.test.context.support.DirtiesContextTestExecutionListener@3f3c966c, org.springframework.test.context.transaction.TransactionalTestExecutionListener@11ee02f8, org.springframework.test.context.jdbc.SqlScriptsTestExecutionListener@4102b1b1, org.springframework.test.context.event.EventPublishingTestExecutionListener@61a5b4ae, org.springframework.boot.test.autoconfigure.restdocs.RestDocsTestExecutionListener@3a71c100, org.springframework.boot.test.autoconfigure.web.client.MockRestServiceServerResetTestExecutionListener@5b69fd74, org.springframework.boot.test.autoconfigure.web.servlet.MockMvcPrintOnlyOnFailureTestExecutionListener@f325091, org.springframework.boot.test.autoconfigure.web.servlet.WebDriverTestExecutionListener@437e951d, org.springframework.boot.test.autoconfigure.webservices.client.MockWebServiceServerTestExecutionListener@77b325b3, org.springframework.boot.test.mock.mockito.ResetMocksTestExecutionListener@63a5e46c]
00:30:01.214 [Test worker] DEBUG org.springframework.test.context.support.AbstractDirtiesContextTestExecutionListener - Before test class: context [DefaultTestContext@64b31700 testClass = MemberRepositoryTest, testInstance = [null], testMethod = [null], testException = [null], mergedContextConfiguration = [WebMergedContextConfiguration@3b65e559 testClass = MemberRepositoryTest, locations = '{}', classes = '{class jpabook.jpashop.JpashopApplication}', contextInitializerClasses = '[]', activeProfiles = '{}', propertySourceLocations = '{}', propertySourceProperties = '{org.springframework.boot.test.context.SpringBootTestContextBootstrapper=true}', contextCustomizers = set[org.springframework.boot.test.autoconfigure.actuate.metrics.MetricsExportContextCustomizerFactory$DisableMetricExportContextCustomizer@1ef3efa8, org.springframework.boot.test.autoconfigure.properties.PropertyMappingContextCustomizer@0, org.springframework.boot.test.autoconfigure.web.servlet.WebDriverContextCustomizerFactory$Customizer@61884cb1, org.springframework.boot.test.context.filter.ExcludeFilterContextCustomizer@79da1ec0, org.springframework.boot.test.json.DuplicateJsonObjectContextCustomizerFactory$DuplicateJsonObjectContextCustomizer@27953a83, org.springframework.boot.test.mock.mockito.MockitoContextCustomizer@0, org.springframework.boot.test.web.client.TestRestTemplateContextCustomizer@3918c187, org.springframework.boot.test.context.SpringBootTestArgs@1, org.springframework.boot.test.context.SpringBootTestWebEnvironment@495ee280], resourceBasePath = 'src/main/webapp', contextLoader = 'org.springframework.boot.test.context.SpringBootContextLoader', parent = [null]], attributes = map['org.springframework.test.context.web.ServletTestExecutionListener.activateListener' -> true]], class annotated with @DirtiesContext [false] with mode [null].

  .   ____          _            __ _ _
 /\\ / ___'_ __ _ _(_)_ __  __ _ \ \ \ \
( ( )\___ | '_ | '_| | '_ \/ _` | \ \ \ \
 \\/  ___)| |_)| | | | | || (_| |  ) ) ) )
  '  |____| .__|_| |_|_| |_\__, | / / / /
 =========|_|==============|___/=/_/_/_/
 :: Spring Boot ::               (v2.7.11)

2023-05-14 00:30:01.973  INFO 17376 --- [    Test worker] jpabook.jpashop.MemberRepositoryTest     : Starting MemberRepositoryTest using Java 11.0.17 on DESKTOP-6TL21LC with PID 17376 (started by 82109 in C:\Users\82109\hongik\spring\siljeon\jpashop)
2023-05-14 00:30:01.975  INFO 17376 --- [    Test worker] jpabook.jpashop.MemberRepositoryTest     : No active profile set, falling back to 1 default profile: "default"
2023-05-14 00:30:03.526  INFO 17376 --- [    Test worker] .s.d.r.c.RepositoryConfigurationDelegate : Bootstrapping Spring Data JPA repositories in DEFAULT mode.
2023-05-14 00:30:03.556  INFO 17376 --- [    Test worker] .s.d.r.c.RepositoryConfigurationDelegate : Finished Spring Data repository scanning in 12 ms. Found 0 JPA repository interfaces.
2023-05-14 00:30:04.878  INFO 17376 --- [    Test worker] o.hibernate.jpa.internal.util.LogHelper  : HHH000204: Processing PersistenceUnitInfo [name: default]
2023-05-14 00:30:05.033  INFO 17376 --- [    Test worker] org.hibernate.Version                    : HHH000412: Hibernate ORM core version 5.6.15.Final
2023-05-14 00:30:05.453  INFO 17376 --- [    Test worker] o.hibernate.annotations.common.Version   : HCANN000001: Hibernate Commons Annotations {5.1.2.Final}
2023-05-14 00:30:05.538 DEBUG 17376 --- [    Test worker] org.hibernate.type.BasicTypeRegistry     : Adding type registration boolean -> org.hibernate.type.BooleanType@743bb39a
2023-05-14 00:30:05.539 DEBUG 17376 --- [    Test worker] org.hibernate.type.BasicTypeRegistry     : Adding type registration boolean -> org.hibernate.type.BooleanType@743bb39a
2023-05-14 00:30:05.540 DEBUG 17376 --- [    Test worker] org.hibernate.type.BasicTypeRegistry     : Adding type registration java.lang.Boolean -> org.hibernate.type.BooleanType@743bb39a
2023-05-14 00:30:05.542 DEBUG 17376 --- [    Test worker] org.hibernate.type.BasicTypeRegistry     : Adding type registration numeric_boolean -> org.hibernate.type.NumericBooleanType@3f357c9d
2023-05-14 00:30:05.543 DEBUG 17376 --- [    Test worker] org.hibernate.type.BasicTypeRegistry     : Adding type registration true_false -> org.hibernate.type.TrueFalseType@b3857e2
2023-05-14 00:30:05.545 DEBUG 17376 --- [    Test worker] org.hibernate.type.BasicTypeRegistry     : Adding type registration yes_no -> org.hibernate.type.YesNoType@99c4993
2023-05-14 00:30:05.547 DEBUG 17376 --- [    Test worker] org.hibernate.type.BasicTypeRegistry     : Adding type registration byte -> org.hibernate.type.ByteType@64bba0eb
2023-05-14 00:30:05.547 DEBUG 17376 --- [    Test worker] org.hibernate.type.BasicTypeRegistry     : Adding type registration byte -> org.hibernate.type.ByteType@64bba0eb
2023-05-14 00:30:05.547 DEBUG 17376 --- [    Test worker] org.hibernate.type.BasicTypeRegistry     : Adding type registration java.lang.Byte -> org.hibernate.type.ByteType@64bba0eb
2023-05-14 00:30:05.550 DEBUG 17376 --- [    Test worker] org.hibernate.type.BasicTypeRegistry     : Adding type registration character -> org.hibernate.type.CharacterType@729cd862
2023-05-14 00:30:05.550 DEBUG 17376 --- [    Test worker] org.hibernate.type.BasicTypeRegistry     : Adding type registration char -> org.hibernate.type.CharacterType@729cd862
2023-05-14 00:30:05.550 DEBUG 17376 --- [    Test worker] org.hibernate.type.BasicTypeRegistry     : Adding type registration java.lang.Character -> org.hibernate.type.CharacterType@729cd862
2023-05-14 00:30:05.553 DEBUG 17376 --- [    Test worker] org.hibernate.type.BasicTypeRegistry     : Adding type registration short -> org.hibernate.type.ShortType@100d0218
2023-05-14 00:30:05.553 DEBUG 17376 --- [    Test worker] org.hibernate.type.BasicTypeRegistry     : Adding type registration short -> org.hibernate.type.ShortType@100d0218
2023-05-14 00:30:05.553 DEBUG 17376 --- [    Test worker] org.hibernate.type.BasicTypeRegistry     : Adding type registration java.lang.Short -> org.hibernate.type.ShortType@100d0218
2023-05-14 00:30:05.557 DEBUG 17376 --- [    Test worker] org.hibernate.type.BasicTypeRegistry     : Adding type registration integer -> org.hibernate.type.IntegerType@61ab6521
2023-05-14 00:30:05.557 DEBUG 17376 --- [    Test worker] org.hibernate.type.BasicTypeRegistry     : Adding type registration int -> org.hibernate.type.IntegerType@61ab6521
2023-05-14 00:30:05.557 DEBUG 17376 --- [    Test worker] org.hibernate.type.BasicTypeRegistry     : Adding type registration java.lang.Integer -> org.hibernate.type.IntegerType@61ab6521
2023-05-14 00:30:05.560 DEBUG 17376 --- [    Test worker] org.hibernate.type.BasicTypeRegistry     : Adding type registration long -> org.hibernate.type.LongType@510da778
2023-05-14 00:30:05.560 DEBUG 17376 --- [    Test worker] org.hibernate.type.BasicTypeRegistry     : Adding type registration long -> org.hibernate.type.LongType@510da778
2023-05-14 00:30:05.560 DEBUG 17376 --- [    Test worker] org.hibernate.type.BasicTypeRegistry     : Adding type registration java.lang.Long -> org.hibernate.type.LongType@510da778
2023-05-14 00:30:05.562 DEBUG 17376 --- [    Test worker] org.hibernate.type.BasicTypeRegistry     : Adding type registration float -> org.hibernate.type.FloatType@7103745
2023-05-14 00:30:05.563 DEBUG 17376 --- [    Test worker] org.hibernate.type.BasicTypeRegistry     : Adding type registration float -> org.hibernate.type.FloatType@7103745
2023-05-14 00:30:05.563 DEBUG 17376 --- [    Test worker] org.hibernate.type.BasicTypeRegistry     : Adding type registration java.lang.Float -> org.hibernate.type.FloatType@7103745
2023-05-14 00:30:05.567 DEBUG 17376 --- [    Test worker] org.hibernate.type.BasicTypeRegistry     : Adding type registration double -> org.hibernate.type.DoubleType@7d3bf8db
2023-05-14 00:30:05.567 DEBUG 17376 --- [    Test worker] org.hibernate.type.BasicTypeRegistry     : Adding type registration double -> org.hibernate.type.DoubleType@7d3bf8db
2023-05-14 00:30:05.567 DEBUG 17376 --- [    Test worker] org.hibernate.type.BasicTypeRegistry     : Adding type registration java.lang.Double -> org.hibernate.type.DoubleType@7d3bf8db
2023-05-14 00:30:05.569 DEBUG 17376 --- [    Test worker] org.hibernate.type.BasicTypeRegistry     : Adding type registration big_decimal -> org.hibernate.type.BigDecimalType@5f61e002
2023-05-14 00:30:05.570 DEBUG 17376 --- [    Test worker] org.hibernate.type.BasicTypeRegistry     : Adding type registration java.math.BigDecimal -> org.hibernate.type.BigDecimalType@5f61e002
2023-05-14 00:30:05.571 DEBUG 17376 --- [    Test worker] org.hibernate.type.BasicTypeRegistry     : Adding type registration big_integer -> org.hibernate.type.BigIntegerType@7ef8e623
2023-05-14 00:30:05.572 DEBUG 17376 --- [    Test worker] org.hibernate.type.BasicTypeRegistry     : Adding type registration java.math.BigInteger -> org.hibernate.type.BigIntegerType@7ef8e623
2023-05-14 00:30:05.574 DEBUG 17376 --- [    Test worker] org.hibernate.type.BasicTypeRegistry     : Adding type registration string -> org.hibernate.type.StringType@1eab8437
2023-05-14 00:30:05.574 DEBUG 17376 --- [    Test worker] org.hibernate.type.BasicTypeRegistry     : Adding type registration java.lang.String -> org.hibernate.type.StringType@1eab8437
2023-05-14 00:30:05.575 DEBUG 17376 --- [    Test worker] org.hibernate.type.BasicTypeRegistry     : Adding type registration nstring -> org.hibernate.type.StringNVarcharType@68d6f48e
2023-05-14 00:30:05.576 DEBUG 17376 --- [    Test worker] org.hibernate.type.BasicTypeRegistry     : Adding type registration ncharacter -> org.hibernate.type.CharacterNCharType@7c7ed72a
2023-05-14 00:30:05.579 DEBUG 17376 --- [    Test worker] org.hibernate.type.BasicTypeRegistry     : Adding type registration url -> org.hibernate.type.UrlType@d0b814d
2023-05-14 00:30:05.579 DEBUG 17376 --- [    Test worker] org.hibernate.type.BasicTypeRegistry     : Adding type registration java.net.URL -> org.hibernate.type.UrlType@d0b814d
2023-05-14 00:30:05.582 DEBUG 17376 --- [    Test worker] org.hibernate.type.BasicTypeRegistry     : Adding type registration Duration -> org.hibernate.type.DurationType@1ac0cdb0
2023-05-14 00:30:05.583 DEBUG 17376 --- [    Test worker] org.hibernate.type.BasicTypeRegistry     : Adding type registration java.time.Duration -> org.hibernate.type.DurationType@1ac0cdb0
2023-05-14 00:30:05.587 DEBUG 17376 --- [    Test worker] org.hibernate.type.BasicTypeRegistry     : Adding type registration Instant -> org.hibernate.type.InstantType@74f4a2ba
2023-05-14 00:30:05.587 DEBUG 17376 --- [    Test worker] org.hibernate.type.BasicTypeRegistry     : Adding type registration java.time.Instant -> org.hibernate.type.InstantType@74f4a2ba
2023-05-14 00:30:05.590 DEBUG 17376 --- [    Test worker] org.hibernate.type.BasicTypeRegistry     : Adding type registration LocalDateTime -> org.hibernate.type.LocalDateTimeType@6e2eead5
2023-05-14 00:30:05.590 DEBUG 17376 --- [    Test worker] org.hibernate.type.BasicTypeRegistry     : Adding type registration java.time.LocalDateTime -> org.hibernate.type.LocalDateTimeType@6e2eead5
2023-05-14 00:30:05.592 DEBUG 17376 --- [    Test worker] org.hibernate.type.BasicTypeRegistry     : Adding type registration LocalDate -> org.hibernate.type.LocalDateType@6fd1ea75
2023-05-14 00:30:05.593 DEBUG 17376 --- [    Test worker] org.hibernate.type.BasicTypeRegistry     : Adding type registration java.time.LocalDate -> org.hibernate.type.LocalDateType@6fd1ea75
2023-05-14 00:30:05.595 DEBUG 17376 --- [    Test worker] org.hibernate.type.BasicTypeRegistry     : Adding type registration LocalTime -> org.hibernate.type.LocalTimeType@489f62a3
2023-05-14 00:30:05.596 DEBUG 17376 --- [    Test worker] org.hibernate.type.BasicTypeRegistry     : Adding type registration java.time.LocalTime -> org.hibernate.type.LocalTimeType@489f62a3
2023-05-14 00:30:05.602 DEBUG 17376 --- [    Test worker] org.hibernate.type.BasicTypeRegistry     : Adding type registration OffsetDateTime -> org.hibernate.type.OffsetDateTimeType@36df4c26
2023-05-14 00:30:05.603 DEBUG 17376 --- [    Test worker] org.hibernate.type.BasicTypeRegistry     : Adding type registration java.time.OffsetDateTime -> org.hibernate.type.OffsetDateTimeType@36df4c26
2023-05-14 00:30:05.606 DEBUG 17376 --- [    Test worker] org.hibernate.type.BasicTypeRegistry     : Adding type registration OffsetTime -> org.hibernate.type.OffsetTimeType@6a4af081
2023-05-14 00:30:05.607 DEBUG 17376 --- [    Test worker] org.hibernate.type.BasicTypeRegistry     : Adding type registration java.time.OffsetTime -> org.hibernate.type.OffsetTimeType@6a4af081
2023-05-14 00:30:05.610 DEBUG 17376 --- [    Test worker] org.hibernate.type.BasicTypeRegistry     : Adding type registration ZonedDateTime -> org.hibernate.type.ZonedDateTimeType@4a6a6a69
2023-05-14 00:30:05.610 DEBUG 17376 --- [    Test worker] org.hibernate.type.BasicTypeRegistry     : Adding type registration java.time.ZonedDateTime -> org.hibernate.type.ZonedDateTimeType@4a6a6a69
2023-05-14 00:30:05.614 DEBUG 17376 --- [    Test worker] org.hibernate.type.BasicTypeRegistry     : Adding type registration date -> org.hibernate.type.DateType@1f172892
2023-05-14 00:30:05.615 DEBUG 17376 --- [    Test worker] org.hibernate.type.BasicTypeRegistry     : Adding type registration java.sql.Date -> org.hibernate.type.DateType@1f172892
2023-05-14 00:30:05.621 DEBUG 17376 --- [    Test worker] org.hibernate.type.BasicTypeRegistry     : Adding type registration time -> org.hibernate.type.TimeType@2262f0d8
2023-05-14 00:30:05.622 DEBUG 17376 --- [    Test worker] org.hibernate.type.BasicTypeRegistry     : Adding type registration java.sql.Time -> org.hibernate.type.TimeType@2262f0d8
2023-05-14 00:30:05.625 DEBUG 17376 --- [    Test worker] org.hibernate.type.BasicTypeRegistry     : Adding type registration timestamp -> org.hibernate.type.TimestampType@5ed25612
2023-05-14 00:30:05.626 DEBUG 17376 --- [    Test worker] org.hibernate.type.BasicTypeRegistry     : Adding type registration java.sql.Timestamp -> org.hibernate.type.TimestampType@5ed25612
2023-05-14 00:30:05.626 DEBUG 17376 --- [    Test worker] org.hibernate.type.BasicTypeRegistry     : Adding type registration java.util.Date -> org.hibernate.type.TimestampType@5ed25612
2023-05-14 00:30:05.631 DEBUG 17376 --- [    Test worker] org.hibernate.type.BasicTypeRegistry     : Adding type registration dbtimestamp -> org.hibernate.type.DbTimestampType@9e33a6a
2023-05-14 00:30:05.636 DEBUG 17376 --- [    Test worker] org.hibernate.type.BasicTypeRegistry     : Adding type registration calendar -> org.hibernate.type.CalendarType@72b40f87
2023-05-14 00:30:05.636 DEBUG 17376 --- [    Test worker] org.hibernate.type.BasicTypeRegistry     : Adding type registration java.util.Calendar -> org.hibernate.type.CalendarType@72b40f87
2023-05-14 00:30:05.636 DEBUG 17376 --- [    Test worker] org.hibernate.type.BasicTypeRegistry     : Adding type registration java.util.GregorianCalendar -> org.hibernate.type.CalendarType@72b40f87
2023-05-14 00:30:05.638 DEBUG 17376 --- [    Test worker] org.hibernate.type.BasicTypeRegistry     : Adding type registration calendar_date -> org.hibernate.type.CalendarDateType@2864f887
2023-05-14 00:30:05.641 DEBUG 17376 --- [    Test worker] org.hibernate.type.BasicTypeRegistry     : Adding type registration calendar_time -> org.hibernate.type.CalendarTimeType@b3fc6d8
2023-05-14 00:30:05.644 DEBUG 17376 --- [    Test worker] org.hibernate.type.BasicTypeRegistry     : Adding type registration locale -> org.hibernate.type.LocaleType@baa227e
2023-05-14 00:30:05.644 DEBUG 17376 --- [    Test worker] org.hibernate.type.BasicTypeRegistry     : Adding type registration java.util.Locale -> org.hibernate.type.LocaleType@baa227e
2023-05-14 00:30:05.647 DEBUG 17376 --- [    Test worker] org.hibernate.type.BasicTypeRegistry     : Adding type registration currency -> org.hibernate.type.CurrencyType@6ef037e4
2023-05-14 00:30:05.647 DEBUG 17376 --- [    Test worker] org.hibernate.type.BasicTypeRegistry     : Adding type registration java.util.Currency -> org.hibernate.type.CurrencyType@6ef037e4
2023-05-14 00:30:05.652 DEBUG 17376 --- [    Test worker] org.hibernate.type.BasicTypeRegistry     : Adding type registration timezone -> org.hibernate.type.TimeZoneType@8b670c0
2023-05-14 00:30:05.652 DEBUG 17376 --- [    Test worker] org.hibernate.type.BasicTypeRegistry     : Adding type registration java.util.TimeZone -> org.hibernate.type.TimeZoneType@8b670c0
2023-05-14 00:30:05.655 DEBUG 17376 --- [    Test worker] org.hibernate.type.BasicTypeRegistry     : Adding type registration class -> org.hibernate.type.ClassType@7b7068d8
2023-05-14 00:30:05.656 DEBUG 17376 --- [    Test worker] org.hibernate.type.BasicTypeRegistry     : Adding type registration java.lang.Class -> org.hibernate.type.ClassType@7b7068d8
2023-05-14 00:30:05.658 DEBUG 17376 --- [    Test worker] org.hibernate.type.BasicTypeRegistry     : Adding type registration uuid-binary -> org.hibernate.type.UUIDBinaryType@782ac148
2023-05-14 00:30:05.658 DEBUG 17376 --- [    Test worker] org.hibernate.type.BasicTypeRegistry     : Adding type registration java.util.UUID -> org.hibernate.type.UUIDBinaryType@782ac148
2023-05-14 00:30:05.660 DEBUG 17376 --- [    Test worker] org.hibernate.type.BasicTypeRegistry     : Adding type registration uuid-char -> org.hibernate.type.UUIDCharType@85ab964
2023-05-14 00:30:05.662 DEBUG 17376 --- [    Test worker] org.hibernate.type.BasicTypeRegistry     : Adding type registration binary -> org.hibernate.type.BinaryType@3e2d44f3
2023-05-14 00:30:05.664 DEBUG 17376 --- [    Test worker] org.hibernate.type.BasicTypeRegistry     : Adding type registration byte[] -> org.hibernate.type.BinaryType@3e2d44f3
2023-05-14 00:30:05.664 DEBUG 17376 --- [    Test worker] org.hibernate.type.BasicTypeRegistry     : Adding type registration [B -> org.hibernate.type.BinaryType@3e2d44f3
2023-05-14 00:30:05.668 DEBUG 17376 --- [    Test worker] org.hibernate.type.BasicTypeRegistry     : Adding type registration wrapper-binary -> org.hibernate.type.WrapperBinaryType@44384b4a
2023-05-14 00:30:05.668 DEBUG 17376 --- [    Test worker] org.hibernate.type.BasicTypeRegistry     : Adding type registration Byte[] -> org.hibernate.type.WrapperBinaryType@44384b4a
2023-05-14 00:30:05.668 DEBUG 17376 --- [    Test worker] org.hibernate.type.BasicTypeRegistry     : Adding type registration [Ljava.lang.Byte; -> org.hibernate.type.WrapperBinaryType@44384b4a
2023-05-14 00:30:05.671 DEBUG 17376 --- [    Test worker] org.hibernate.type.BasicTypeRegistry     : Adding type registration row_version -> org.hibernate.type.RowVersionType@2ab9e43e
2023-05-14 00:30:05.672 DEBUG 17376 --- [    Test worker] org.hibernate.type.BasicTypeRegistry     : Adding type registration image -> org.hibernate.type.ImageType@64fdcf99
2023-05-14 00:30:05.675 DEBUG 17376 --- [    Test worker] org.hibernate.type.BasicTypeRegistry     : Adding type registration characters -> org.hibernate.type.CharArrayType@786a3477
2023-05-14 00:30:05.675 DEBUG 17376 --- [    Test worker] org.hibernate.type.BasicTypeRegistry     : Adding type registration char[] -> org.hibernate.type.CharArrayType@786a3477
2023-05-14 00:30:05.676 DEBUG 17376 --- [    Test worker] org.hibernate.type.BasicTypeRegistry     : Adding type registration [C -> org.hibernate.type.CharArrayType@786a3477
2023-05-14 00:30:05.678 DEBUG 17376 --- [    Test worker] org.hibernate.type.BasicTypeRegistry     : Adding type registration wrapper-characters -> org.hibernate.type.CharacterArrayType@667797f
2023-05-14 00:30:05.679 DEBUG 17376 --- [    Test worker] org.hibernate.type.BasicTypeRegistry     : Adding type registration [Ljava.lang.Character; -> org.hibernate.type.CharacterArrayType@667797f
2023-05-14 00:30:05.679 DEBUG 17376 --- [    Test worker] org.hibernate.type.BasicTypeRegistry     : Adding type registration Character[] -> org.hibernate.type.CharacterArrayType@667797f
2023-05-14 00:30:05.682 DEBUG 17376 --- [    Test worker] org.hibernate.type.BasicTypeRegistry     : Adding type registration text -> org.hibernate.type.TextType@6598caab
2023-05-14 00:30:05.684 DEBUG 17376 --- [    Test worker] org.hibernate.type.BasicTypeRegistry     : Adding type registration ntext -> org.hibernate.type.NTextType@6658f08a
2023-05-14 00:30:05.688 DEBUG 17376 --- [    Test worker] org.hibernate.type.BasicTypeRegistry     : Adding type registration blob -> org.hibernate.type.BlobType@7e27f603
2023-05-14 00:30:05.688 DEBUG 17376 --- [    Test worker] org.hibernate.type.BasicTypeRegistry     : Adding type registration java.sql.Blob -> org.hibernate.type.BlobType@7e27f603
2023-05-14 00:30:05.690 DEBUG 17376 --- [    Test worker] org.hibernate.type.BasicTypeRegistry     : Adding type registration materialized_blob -> org.hibernate.type.MaterializedBlobType@738a815c
2023-05-14 00:30:05.693 DEBUG 17376 --- [    Test worker] org.hibernate.type.BasicTypeRegistry     : Adding type registration clob -> org.hibernate.type.ClobType@2ae3235e
2023-05-14 00:30:05.693 DEBUG 17376 --- [    Test worker] org.hibernate.type.BasicTypeRegistry     : Adding type registration java.sql.Clob -> org.hibernate.type.ClobType@2ae3235e
2023-05-14 00:30:05.698 DEBUG 17376 --- [    Test worker] org.hibernate.type.BasicTypeRegistry     : Adding type registration nclob -> org.hibernate.type.NClobType@77ce88c4
2023-05-14 00:30:05.699 DEBUG 17376 --- [    Test worker] org.hibernate.type.BasicTypeRegistry     : Adding type registration java.sql.NClob -> org.hibernate.type.NClobType@77ce88c4
2023-05-14 00:30:05.701 DEBUG 17376 --- [    Test worker] org.hibernate.type.BasicTypeRegistry     : Adding type registration materialized_clob -> org.hibernate.type.MaterializedClobType@75839695
2023-05-14 00:30:05.703 DEBUG 17376 --- [    Test worker] org.hibernate.type.BasicTypeRegistry     : Adding type registration materialized_nclob -> org.hibernate.type.MaterializedNClobType@236861da
2023-05-14 00:30:05.706 DEBUG 17376 --- [    Test worker] org.hibernate.type.BasicTypeRegistry     : Adding type registration serializable -> org.hibernate.type.SerializableType@2ff498b0
2023-05-14 00:30:05.714 DEBUG 17376 --- [    Test worker] org.hibernate.type.BasicTypeRegistry     : Adding type registration object -> org.hibernate.type.ObjectType@6b2ef50e
2023-05-14 00:30:05.714 DEBUG 17376 --- [    Test worker] org.hibernate.type.BasicTypeRegistry     : Adding type registration java.lang.Object -> org.hibernate.type.ObjectType@6b2ef50e
2023-05-14 00:30:05.716 DEBUG 17376 --- [    Test worker] org.hibernate.type.BasicTypeRegistry     : Adding type registration imm_date -> org.hibernate.type.AdaptedImmutableType@48a46b0f
2023-05-14 00:30:05.717 DEBUG 17376 --- [    Test worker] org.hibernate.type.BasicTypeRegistry     : Adding type registration imm_time -> org.hibernate.type.AdaptedImmutableType@1426370c
2023-05-14 00:30:05.717 DEBUG 17376 --- [    Test worker] org.hibernate.type.BasicTypeRegistry     : Adding type registration imm_timestamp -> org.hibernate.type.AdaptedImmutableType@9f9146d
2023-05-14 00:30:05.717 DEBUG 17376 --- [    Test worker] org.hibernate.type.BasicTypeRegistry     : Adding type registration imm_dbtimestamp -> org.hibernate.type.AdaptedImmutableType@2ef041bb
2023-05-14 00:30:05.718 DEBUG 17376 --- [    Test worker] org.hibernate.type.BasicTypeRegistry     : Adding type registration imm_calendar -> org.hibernate.type.AdaptedImmutableType@45e7bb79
2023-05-14 00:30:05.718 DEBUG 17376 --- [    Test worker] org.hibernate.type.BasicTypeRegistry     : Adding type registration imm_calendar_date -> org.hibernate.type.AdaptedImmutableType@605c7a9e
2023-05-14 00:30:05.718 DEBUG 17376 --- [    Test worker] org.hibernate.type.BasicTypeRegistry     : Adding type registration imm_binary -> org.hibernate.type.AdaptedImmutableType@21c75084
2023-05-14 00:30:05.719 DEBUG 17376 --- [    Test worker] org.hibernate.type.BasicTypeRegistry     : Adding type registration imm_serializable -> org.hibernate.type.AdaptedImmutableType@d16209e
2023-05-14 00:30:05.852  INFO 17376 --- [    Test worker] com.zaxxer.hikari.HikariDataSource       : HikariPool-1 - Starting...
2023-05-14 00:30:06.070  INFO 17376 --- [    Test worker] com.zaxxer.hikari.HikariDataSource       : HikariPool-1 - Start completed.
2023-05-14 00:30:06.156  INFO 17376 --- [    Test worker] org.hibernate.dialect.Dialect            : HHH000400: Using dialect: org.hibernate.dialect.H2Dialect
2023-05-14 00:30:06.264 DEBUG 17376 --- [    Test worker] o.h.type.spi.TypeConfiguration$Scope     : Scoping TypeConfiguration [org.hibernate.type.spi.TypeConfiguration@2d801d8] to MetadataBuildingContext [org.hibernate.boot.internal.MetadataBuildingContextRootImpl@b9b97ad]
2023-05-14 00:30:06.916 DEBUG 17376 --- [    Test worker] o.h.type.spi.TypeConfiguration$Scope     : Scoping TypeConfiguration [org.hibernate.type.spi.TypeConfiguration@2d801d8] to SessionFactoryImpl [org.hibernate.internal.SessionFactoryImpl@126254ec]
2023-05-14 00:30:07.646 DEBUG 17376 --- [    Test worker] org.hibernate.SQL                        : 
    
    drop table if exists member CASCADE 
2023-05-14 00:30:07.661  INFO 17376 --- [    Test worker] p6spy                                    : #1683991807661 | took 2ms | statement | connection 1| url jdbc:h2:tcp://localhost/~/jpashop

    drop table if exists member CASCADE 

    drop table if exists member CASCADE ;
2023-05-14 00:30:07.661 DEBUG 17376 --- [    Test worker] org.hibernate.SQL                        : 
    
    drop sequence if exists hibernate_sequence
2023-05-14 00:30:07.663  INFO 17376 --- [    Test worker] p6spy                                    : #1683991807663 | took 0ms | statement | connection 1| url jdbc:h2:tcp://localhost/~/jpashop

    drop sequence if exists hibernate_sequence

    drop sequence if exists hibernate_sequence;
2023-05-14 00:30:07.671 DEBUG 17376 --- [    Test worker] org.hibernate.SQL                        : create sequence hibernate_sequence start with 1 increment by 1
2023-05-14 00:30:07.672  INFO 17376 --- [    Test worker] p6spy                                    : #1683991807672 | took 0ms | statement | connection 2| url jdbc:h2:tcp://localhost/~/jpashop
create sequence hibernate_sequence start with 1 increment by 1
create sequence hibernate_sequence start with 1 increment by 1;
2023-05-14 00:30:07.673 DEBUG 17376 --- [    Test worker] org.hibernate.SQL                        : 
    
    create table member (
       id bigint not null,
        username varchar(255),
        primary key (id)
    )
2023-05-14 00:30:07.676  INFO 17376 --- [    Test worker] p6spy                                    : #1683991807676 | took 1ms | statement | connection 2| url jdbc:h2:tcp://localhost/~/jpashop

    create table member (
       id bigint not null,
        username varchar(255),
        primary key (id)
    )

    create table member (
       id bigint not null,
        username varchar(255),
        primary key (id)
    );
2023-05-14 00:30:07.680  INFO 17376 --- [    Test worker] o.h.e.t.j.p.i.JtaPlatformInitiator       : HHH000490: Using JtaPlatform implementation: [org.hibernate.engine.transaction.jta.platform.internal.NoJtaPlatform]
2023-05-14 00:30:07.706 TRACE 17376 --- [    Test worker] o.h.type.spi.TypeConfiguration$Scope     : Handling #sessionFactoryCreated from [org.hibernate.internal.SessionFactoryImpl@126254ec] for TypeConfiguration
2023-05-14 00:30:07.710  INFO 17376 --- [    Test worker] j.LocalContainerEntityManagerFactoryBean : Initialized JPA EntityManagerFactory for persistence unit 'default'
2023-05-14 00:30:08.368  WARN 17376 --- [    Test worker] JpaBaseConfiguration$JpaWebConfiguration : spring.jpa.open-in-view is enabled by default. Therefore, database queries may be performed during view rendering. Explicitly configure spring.jpa.open-in-view to disable this warning
2023-05-14 00:30:09.444  INFO 17376 --- [    Test worker] o.s.b.a.w.s.WelcomePageHandlerMapping    : Adding welcome page: class path resource [static/index.html]
2023-05-14 00:30:10.568  INFO 17376 --- [    Test worker] jpabook.jpashop.MemberRepositoryTest     : Started MemberRepositoryTest in 9.274 seconds (JVM running for 12.59)
2023-05-14 00:30:10.816  INFO 17376 --- [    Test worker] o.s.t.c.transaction.TransactionContext   : Began transaction (1) for test context [DefaultTestContext@64b31700 testClass = MemberRepositoryTest, testInstance = jpabook.jpashop.MemberRepositoryTest@25da1dc9, testMethod = testMember@MemberRepositoryTest, testException = [null], mergedContextConfiguration = [WebMergedContextConfiguration@3b65e559 testClass = MemberRepositoryTest, locations = '{}', classes = '{class jpabook.jpashop.JpashopApplication}', contextInitializerClasses = '[]', activeProfiles = '{}', propertySourceLocations = '{}', propertySourceProperties = '{org.springframework.boot.test.context.SpringBootTestContextBootstrapper=true}', contextCustomizers = set[org.springframework.boot.test.autoconfigure.actuate.metrics.MetricsExportContextCustomizerFactory$DisableMetricExportContextCustomizer@1ef3efa8, org.springframework.boot.test.autoconfigure.properties.PropertyMappingContextCustomizer@0, org.springframework.boot.test.autoconfigure.web.servlet.WebDriverContextCustomizerFactory$Customizer@61884cb1, org.springframework.boot.test.context.filter.ExcludeFilterContextCustomizer@79da1ec0, org.springframework.boot.test.json.DuplicateJsonObjectContextCustomizerFactory$DuplicateJsonObjectContextCustomizer@27953a83, org.springframework.boot.test.mock.mockito.MockitoContextCustomizer@0, org.springframework.boot.test.web.client.TestRestTemplateContextCustomizer@3918c187, org.springframework.boot.test.context.SpringBootTestArgs@1, org.springframework.boot.test.context.SpringBootTestWebEnvironment@495ee280], resourceBasePath = 'src/main/webapp', contextLoader = 'org.springframework.boot.test.context.SpringBootContextLoader', parent = [null]], attributes = map['org.springframework.test.context.web.ServletTestExecutionListener.activateListener' -> true, 'org.springframework.test.context.web.ServletTestExecutionListener.populatedRequestContextHolder' -> true, 'org.springframework.test.context.web.ServletTestExecutionListener.resetRequestContextHolder' -> true, 'org.springframework.test.context.event.ApplicationEventsTestExecutionListener.recordApplicationEvents' -> false]]; transaction manager [org.springframework.orm.jpa.JpaTransactionManager@7e615c6a]; rollback [false]
2023-05-14 00:30:11.092 DEBUG 17376 --- [    Test worker] org.hibernate.SQL                        : 
    call next value for hibernate_sequence
2023-05-14 00:30:11.128  INFO 17376 --- [    Test worker] p6spy                                    : #1683991811128 | took 21ms | statement | connection 3| url jdbc:h2:tcp://localhost/~/jpashop
call next value for hibernate_sequence
call next value for hibernate_sequence;
2023-05-14 00:30:11.375 DEBUG 17376 --- [    Test worker] org.hibernate.SQL                        : 
    insert 
    into
        member
        (username, id) 
    values
        (?, ?)
2023-05-14 00:30:11.389 TRACE 17376 --- [    Test worker] o.h.type.descriptor.sql.BasicBinder      : binding parameter [1] as [VARCHAR] - [memberA]
2023-05-14 00:30:11.390 TRACE 17376 --- [    Test worker] o.h.type.descriptor.sql.BasicBinder      : binding parameter [2] as [BIGINT] - [1]
2023-05-14 00:30:11.392  INFO 17376 --- [    Test worker] p6spy                                    : #1683991811392 | took 0ms | statement | connection 3| url jdbc:h2:tcp://localhost/~/jpashop
insert into member (username, id) values (?, ?)
insert into member (username, id) values ('memberA', 1);
2023-05-14 00:30:11.397  INFO 17376 --- [    Test worker] p6spy                                    : #1683991811397 | took 0ms | commit | connection 3| url jdbc:h2:tcp://localhost/~/jpashop

;
2023-05-14 00:30:11.398  INFO 17376 --- [    Test worker] o.s.t.c.transaction.TransactionContext   : Committed transaction for test: [DefaultTestContext@64b31700 testClass = MemberRepositoryTest, testInstance = jpabook.jpashop.MemberRepositoryTest@25da1dc9, testMethod = testMember@MemberRepositoryTest, testException = [null], mergedContextConfiguration = [WebMergedContextConfiguration@3b65e559 testClass = MemberRepositoryTest, locations = '{}', classes = '{class jpabook.jpashop.JpashopApplication}', contextInitializerClasses = '[]', activeProfiles = '{}', propertySourceLocations = '{}', propertySourceProperties = '{org.springframework.boot.test.context.SpringBootTestContextBootstrapper=true}', contextCustomizers = set[org.springframework.boot.test.autoconfigure.actuate.metrics.MetricsExportContextCustomizerFactory$DisableMetricExportContextCustomizer@1ef3efa8, org.springframework.boot.test.autoconfigure.properties.PropertyMappingContextCustomizer@0, org.springframework.boot.test.autoconfigure.web.servlet.WebDriverContextCustomizerFactory$Customizer@61884cb1, org.springframework.boot.test.context.filter.ExcludeFilterContextCustomizer@79da1ec0, org.springframework.boot.test.json.DuplicateJsonObjectContextCustomizerFactory$DuplicateJsonObjectContextCustomizer@27953a83, org.springframework.boot.test.mock.mockito.MockitoContextCustomizer@0, org.springframework.boot.test.web.client.TestRestTemplateContextCustomizer@3918c187, org.springframework.boot.test.context.SpringBootTestArgs@1, org.springframework.boot.test.context.SpringBootTestWebEnvironment@495ee280], resourceBasePath = 'src/main/webapp', contextLoader = 'org.springframework.boot.test.context.SpringBootContextLoader', parent = [null]], attributes = map['org.springframework.test.context.web.ServletTestExecutionListener.activateListener' -> true, 'org.springframework.test.context.web.ServletTestExecutionListener.populatedRequestContextHolder' -> true, 'org.springframework.test.context.web.ServletTestExecutionListener.resetRequestContextHolder' -> true, 'org.springframework.test.context.event.ApplicationEventsTestExecutionListener.recordApplicationEvents' -> false]]
]]></system-out>
  <system-err><![CDATA[]]></system-err>
</testsuite>
